<?xml version="1.0" encoding="UTF-8"?>
<!-- Generated by org.testng.reporters.JUnitXMLReporter -->
<testsuite ignored="0" hostname="LTIN215913" failures="2" tests="33" name="Test" time="234.151" errors="0" timestamp="2024-03-20T16:48:35 IST">
  <testcase classname="test_Cases.TS_Login" name="Login" time="2.542"/>
  <testcase classname="test_Cases.TS_Login" name="LoginClick" time="1.323"/>
  <testcase classname="test_Cases.TS_Login" name="EmailWrite" time="2.215"/>
  <testcase classname="test_Cases.TS_Login" name="Passwrd" time="0.543"/>
  <testcase classname="test_Cases.TS_Login" name="Login_Btnn" time="1.458"/>
  <testcase classname="test_Cases.TS_Login" name="Error" time="7.851"/>
  <testcase classname="test_Cases.TS_Login" name="Loginnew" time="1.345"/>
  <testcase classname="test_Cases.TS_Login" name="LoginClicknew" time="1.502"/>
  <testcase classname="test_Cases.TS_Login" name="Emailnew1" time="1.91"/>
  <testcase classname="test_Cases.TS_Login" name="Passnew" time="0.493"/>
  <testcase classname="test_Cases.TS_Login" name="loginnew" time="2.087"/>
  <testcase classname="test_Cases.TS_1" name="PrintBook_1" time="8.835"/>
  <testcase classname="test_Cases.TS_1" name="Popup" time="0.26"/>
  <testcase classname="test_Cases.TS_1" name="Price" time="0.298"/>
  <testcase classname="test_Cases.TS_1" name="Slider" time="5.772"/>
  <testcase classname="test_Cases.TS_1" name="Hover" time="0.219"/>
  <testcase classname="test_Cases.TS_1" name="StockPrice" time="0.484"/>
  <testcase classname="test_Cases.TS_1" name="ExcludeStock" time="1.078"/>
  <testcase classname="test_Cases.TS_1" name="BookShelve" time="6.46"/>
  <testcase classname="test_Cases.TS_2" name="clickBook_shelves" time="5.287"/>
  <testcase classname="test_Cases.TS_2" name="Pop2" time="0.26"/>
  <testcase classname="test_Cases.TS_2" name="hover_price" time="6.227"/>
  <testcase classname="test_Cases.TS_2" name="hover_storage" time="0.511"/>
  <testcase classname="test_Cases.TS_2" name="select_stock" time="0.683"/>
  <testcase classname="test_Cases.TS_2" name="select_Home_dkr" time="13.173">
    <failure type="org.openqa.selenium.ElementNotInteractableException" message="element not interactable
  (Session info: chrome=120.0.6099.130)
Build info: version: &amp;apos;4.18.1&amp;apos;, revision: &amp;apos;b1d3319b48&amp;apos;
System info: os.name: &amp;apos;Windows 11&amp;apos;, os.arch: &amp;apos;amd64&amp;apos;, os.version: &amp;apos;10.0&amp;apos;, java.version: &amp;apos;17.0.9&amp;apos;
Driver info: org.openqa.selenium.chrome.ChromeDriver
Command: [06113e802ec6ac3c8cc1ebb0eee94c8c, clickElement {id=E0F7263669B5440A07ACD7FADB89933A_element_170}]
Capabilities {acceptInsecureCerts: false, browserName: chrome, browserVersion: 120.0.6099.130, chrome: {chromedriverVersion: 120.0.6099.109 (3419140ab66..., userDataDir: C:\Windows\SystemTemp\scope...}, fedcm:accounts: true, goog:chromeOptions: {debuggerAddress: localhost:52182}, networkConnectionEnabled: false, pageLoadStrategy: normal, platformName: windows, proxy: Proxy(), se:cdp: ws://localhost:52182/devtoo..., se:cdpVersion: 120.0.6099.130, setWindowRect: true, strictFileInteractability: false, timeouts: {implicit: 0, pageLoad: 300000, script: 30000}, unhandledPromptBehavior: dismiss and notify, webauthn:extension:credBlob: true, webauthn:extension:largeBlob: true, webauthn:extension:minPinLength: true, webauthn:extension:prf: true, webauthn:virtualAuthenticators: true}
Element: [[ChromeDriver: chrome on windows (06113e802ec6ac3c8cc1ebb0eee94c8c)] -&amp;gt; xpath: //input[@id=&amp;apos;filters_brand_name_By_The_Home_Dekor&amp;apos;]]
Session ID: 06113e802ec6ac3c8cc1ebb0eee94c8c">
      <![CDATA[org.openqa.selenium.ElementNotInteractableException: element not interactable
  (Session info: chrome=120.0.6099.130)
Build info: version: '4.18.1', revision: 'b1d3319b48'
System info: os.name: 'Windows 11', os.arch: 'amd64', os.version: '10.0', java.version: '17.0.9'
Driver info: org.openqa.selenium.chrome.ChromeDriver
Command: [06113e802ec6ac3c8cc1ebb0eee94c8c, clickElement {id=E0F7263669B5440A07ACD7FADB89933A_element_170}]
Capabilities {acceptInsecureCerts: false, browserName: chrome, browserVersion: 120.0.6099.130, chrome: {chromedriverVersion: 120.0.6099.109 (3419140ab66..., userDataDir: C:\Windows\SystemTemp\scope...}, fedcm:accounts: true, goog:chromeOptions: {debuggerAddress: localhost:52182}, networkConnectionEnabled: false, pageLoadStrategy: normal, platformName: windows, proxy: Proxy(), se:cdp: ws://localhost:52182/devtoo..., se:cdpVersion: 120.0.6099.130, setWindowRect: true, strictFileInteractability: false, timeouts: {implicit: 0, pageLoad: 300000, script: 30000}, unhandledPromptBehavior: dismiss and notify, webauthn:extension:credBlob: true, webauthn:extension:largeBlob: true, webauthn:extension:minPinLength: true, webauthn:extension:prf: true, webauthn:virtualAuthenticators: true}
Element: [[ChromeDriver: chrome on windows (06113e802ec6ac3c8cc1ebb0eee94c8c)] -> xpath: //input[@id='filters_brand_name_By_The_Home_Dekor']]
Session ID: 06113e802ec6ac3c8cc1ebb0eee94c8c
at org.openqa.selenium.remote.ErrorCodec.decode(ErrorCodec.java:167)
at org.openqa.selenium.remote.codec.w3c.W3CHttpResponseCodec.decode(W3CHttpResponseCodec.java:138)
at org.openqa.selenium.remote.codec.w3c.W3CHttpResponseCodec.decode(W3CHttpResponseCodec.java:50)
at org.openqa.selenium.remote.HttpCommandExecutor.execute(HttpCommandExecutor.java:190)
at org.openqa.selenium.remote.service.DriverCommandExecutor.invokeExecute(DriverCommandExecutor.java:216)
at org.openqa.selenium.remote.service.DriverCommandExecutor.execute(DriverCommandExecutor.java:174)
at org.openqa.selenium.remote.RemoteWebDriver.execute(RemoteWebDriver.java:519)
at org.openqa.selenium.remote.RemoteWebElement.execute(RemoteWebElement.java:223)
at org.openqa.selenium.remote.RemoteWebElement.click(RemoteWebElement.java:76)
at org.openqa.selenium.support.pagefactory.internal.LocatingElementHandler.invoke(LocatingElementHandler.java:51)
at jdk.proxy2/jdk.proxy2.$Proxy28.click(Unknown Source)
at pageObjects.Home_Page.Home(Home_Page.java:129)
at test_Cases.TS_2.select_Home_dkr(TS_2.java:65)
at java.base/java.util.ArrayList.forEach(ArrayList.java:1511)
... Removed 40 stack frames]]>
    </failure>
  </testcase> <!-- select_Home_dkr -->
  <testcase classname="test_Cases.TS_2" name="Print_Book2" time="20.251">
    <failure type="org.openqa.selenium.NoSuchElementException" message="no such element: Unable to locate element: {&amp;quot;method&amp;quot;:&amp;quot;xpath&amp;quot;,&amp;quot;selector&amp;quot;:&amp;quot;//*[@id=&amp;quot;content&amp;quot;]/div[3]/ul/li[13]/div/div[5]/a/div[1]/span&amp;quot;}
  (Session info: chrome=120.0.6099.130)
For documentation on this error, please visit: https://www.selenium.dev/documentation/webdriver/troubleshooting/errors#no-such-element-exception
Build info: version: &amp;apos;4.18.1&amp;apos;, revision: &amp;apos;b1d3319b48&amp;apos;
System info: os.name: &amp;apos;Windows 11&amp;apos;, os.arch: &amp;apos;amd64&amp;apos;, os.version: &amp;apos;10.0&amp;apos;, java.version: &amp;apos;17.0.9&amp;apos;
Driver info: org.openqa.selenium.chrome.ChromeDriver
Command: [06113e802ec6ac3c8cc1ebb0eee94c8c, findElement {value=//*[@id=&amp;quot;content&amp;quot;]/div[3]/ul/li[13]/div/div[5]/a/div[1]/span, using=xpath}]
Capabilities {acceptInsecureCerts: false, browserName: chrome, browserVersion: 120.0.6099.130, chrome: {chromedriverVersion: 120.0.6099.109 (3419140ab66..., userDataDir: C:\Windows\SystemTemp\scope...}, fedcm:accounts: true, goog:chromeOptions: {debuggerAddress: localhost:52182}, networkConnectionEnabled: false, pageLoadStrategy: normal, platformName: windows, proxy: Proxy(), se:cdp: ws://localhost:52182/devtoo..., se:cdpVersion: 120.0.6099.130, setWindowRect: true, strictFileInteractability: false, timeouts: {implicit: 0, pageLoad: 300000, script: 30000}, unhandledPromptBehavior: dismiss and notify, webauthn:extension:credBlob: true, webauthn:extension:largeBlob: true, webauthn:extension:minPinLength: true, webauthn:extension:prf: true, webauthn:virtualAuthenticators: true}
Session ID: 06113e802ec6ac3c8cc1ebb0eee94c8c">
      <![CDATA[org.openqa.selenium.NoSuchElementException: no such element: Unable to locate element: {"method":"xpath","selector":"//*[@id="content"]/div[3]/ul/li[13]/div/div[5]/a/div[1]/span"}
  (Session info: chrome=120.0.6099.130)
For documentation on this error, please visit: https://www.selenium.dev/documentation/webdriver/troubleshooting/errors#no-such-element-exception
Build info: version: '4.18.1', revision: 'b1d3319b48'
System info: os.name: 'Windows 11', os.arch: 'amd64', os.version: '10.0', java.version: '17.0.9'
Driver info: org.openqa.selenium.chrome.ChromeDriver
Command: [06113e802ec6ac3c8cc1ebb0eee94c8c, findElement {value=//*[@id="content"]/div[3]/ul/li[13]/div/div[5]/a/div[1]/span, using=xpath}]
Capabilities {acceptInsecureCerts: false, browserName: chrome, browserVersion: 120.0.6099.130, chrome: {chromedriverVersion: 120.0.6099.109 (3419140ab66..., userDataDir: C:\Windows\SystemTemp\scope...}, fedcm:accounts: true, goog:chromeOptions: {debuggerAddress: localhost:52182}, networkConnectionEnabled: false, pageLoadStrategy: normal, platformName: windows, proxy: Proxy(), se:cdp: ws://localhost:52182/devtoo..., se:cdpVersion: 120.0.6099.130, setWindowRect: true, strictFileInteractability: false, timeouts: {implicit: 0, pageLoad: 300000, script: 30000}, unhandledPromptBehavior: dismiss and notify, webauthn:extension:credBlob: true, webauthn:extension:largeBlob: true, webauthn:extension:minPinLength: true, webauthn:extension:prf: true, webauthn:virtualAuthenticators: true}
Session ID: 06113e802ec6ac3c8cc1ebb0eee94c8c
at org.openqa.selenium.remote.ErrorCodec.decode(ErrorCodec.java:167)
at org.openqa.selenium.remote.codec.w3c.W3CHttpResponseCodec.decode(W3CHttpResponseCodec.java:138)
at org.openqa.selenium.remote.codec.w3c.W3CHttpResponseCodec.decode(W3CHttpResponseCodec.java:50)
at org.openqa.selenium.remote.HttpCommandExecutor.execute(HttpCommandExecutor.java:190)
at org.openqa.selenium.remote.service.DriverCommandExecutor.invokeExecute(DriverCommandExecutor.java:216)
at org.openqa.selenium.remote.service.DriverCommandExecutor.execute(DriverCommandExecutor.java:174)
at org.openqa.selenium.remote.RemoteWebDriver.execute(RemoteWebDriver.java:519)
at org.openqa.selenium.remote.ElementLocation$ElementFinder$2.findElement(ElementLocation.java:165)
at org.openqa.selenium.remote.ElementLocation.findElement(ElementLocation.java:59)
at org.openqa.selenium.remote.RemoteWebDriver.findElement(RemoteWebDriver.java:356)
at org.openqa.selenium.remote.RemoteWebDriver.findElement(RemoteWebDriver.java:350)
at pageObjects.Home_Page.print_item(Home_Page.java:146)
at test_Cases.TS_2.Print_Book2(TS_2.java:72)
at java.base/java.util.ArrayList.forEach(ArrayList.java:1511)
... Removed 36 stack frames]]>
    </failure>
  </testcase> <!-- Print_Book2 -->
  <testcase classname="test_Cases.TS_2" name="print_collection" time="10.974"/>
  <testcase classname="test_Cases.TS_3" name="click_gift_card" time="9.532"/>
  <testcase classname="test_Cases.TS_3" name="click_bNa" time="0.398"/>
  <testcase classname="test_Cases.TS_3" name="gift_info" time="2.435"/>
  <testcase classname="test_Cases.TS_3" name="recipient_info" time="1.188"/>
  <testcase classname="test_Cases.TS_3" name="senders_info" time="2.922"/>
  <testcase classname="test_Cases.TS_3" name="error_info" time="0.191"/>
</testsuite> <!-- Test -->
