<html>
<head>
<title>TestNG:  Test</title>
<link href="../testng.css" rel="stylesheet" type="text/css" />
<link href="../my-testng.css" rel="stylesheet" type="text/css" />

<style type="text/css">
.log { display: none;} 
.stack-trace { display: none;} 
</style>
<script type="text/javascript">
<!--
function flip(e) {
  current = e.style.display;
  if (current == 'block') {
    e.style.display = 'none';
    return 0;
  }
  else {
    e.style.display = 'block';
    return 1;
  }
}

function toggleBox(szDivId, elem, msg1, msg2)
{
  var res = -1;  if (document.getElementById) {
    res = flip(document.getElementById(szDivId));
  }
  else if (document.all) {
    // this is the way old msie versions work
    res = flip(document.all[szDivId]);
  }
  if(elem) {
    if(res == 0) elem.innerHTML = msg1; else elem.innerHTML = msg2;
  }

}

function toggleAllBoxes() {
  if (document.getElementsByTagName) {
    d = document.getElementsByTagName('div');
    for (i = 0; i < d.length; i++) {
      if (d[i].className == 'log') {
        flip(d[i]);
      }
    }
  }
}

// -->
</script>

</head>
<body>
<h2 align='center'>Test</h2><table border='1' align="center">
<tr>
<td>Tests passed/Failed/Skipped:</td><td>31/2/0</td>
</tr><tr>
<td>Started on:</td><td>Wed Mar 20 16:44:36 IST 2024</td>
</tr>
<tr><td>Total time:</td><td>234 seconds (234151 ms)</td>
</tr><tr>
<td>Included groups:</td><td></td>
</tr><tr>
<td>Excluded groups:</td><td></td>
</tr>
</table><p/>
<small><i>(Hover the method name to see the test class name)</i></small><p/>
<table width='100%' border='1' class='invocation-failed'>
<tr><td colspan='4' align='center'><b>FAILED TESTS</b></td></tr>
<tr><td><b>Test method</b></td>
<td><b>Attribute(s)</b></td>
<td width="30%"><b>Exception</b></td>
<td width="10%"><b>Time (seconds)</b></td>
<td><b>Instance</b></td>
</tr>
<tr>
<td title='test_Cases.TS_2.Print_Book2()'><b>Print_Book2</b><br>Test class: test_Cases.TS_2</td>
<td><div><pre>org.openqa.selenium.NoSuchElementException: no such element: Unable to locate element: {&quot;method&quot;:&quot;xpath&quot;,&quot;selector&quot;:&quot;//*[@id=&quot;content&quot;]/div[3]/ul/li[13]/div/div[5]/a/div[1]/span&quot;}
  (Session info: chrome=120.0.6099.130)
For documentation on this error, please visit: https://www.selenium.dev/documentation/webdriver/troubleshooting/errors#no-such-element-exception
Build info: version: &apos;4.18.1&apos;, revision: &apos;b1d3319b48&apos;
System info: os.name: &apos;Windows 11&apos;, os.arch: &apos;amd64&apos;, os.version: &apos;10.0&apos;, java.version: &apos;17.0.9&apos;
Driver info: org.openqa.selenium.chrome.ChromeDriver
Command: [06113e802ec6ac3c8cc1ebb0eee94c8c, findElement {value=//*[@id=&quot;content&quot;]/div[3]/ul/li[13]/div/div[5]/a/div[1]/span, using=xpath}]
Capabilities {acceptInsecureCerts: false, browserName: chrome, browserVersion: 120.0.6099.130, chrome: {chromedriverVersion: 120.0.6099.109 (3419140ab66..., userDataDir: C:\Windows\SystemTemp\scope...}, fedcm:accounts: true, goog:chromeOptions: {debuggerAddress: localhost:52182}, networkConnectionEnabled: false, pageLoadStrategy: normal, platformName: windows, proxy: Proxy(), se:cdp: ws://localhost:52182/devtoo..., se:cdpVersion: 120.0.6099.130, setWindowRect: true, strictFileInteractability: false, timeouts: {implicit: 0, pageLoad: 300000, script: 30000}, unhandledPromptBehavior: dismiss and notify, webauthn:extension:credBlob: true, webauthn:extension:largeBlob: true, webauthn:extension:minPinLength: true, webauthn:extension:prf: true, webauthn:virtualAuthenticators: true}
Session ID: 06113e802ec6ac3c8cc1ebb0eee94c8c
	at org.openqa.selenium.remote.ErrorCodec.decode(ErrorCodec.java:167)
	at org.openqa.selenium.remote.codec.w3c.W3CHttpResponseCodec.decode(W3CHttpResponseCodec.java:138)
	at org.openqa.selenium.remote.codec.w3c.W3CHttpResponseCodec.decode(W3CHttpResponseCodec.java:50)
	at org.openqa.selenium.remote.HttpCommandExecutor.execute(HttpCommandExecutor.java:190)
	at org.openqa.selenium.remote.service.DriverCommandExecutor.invokeExecute(DriverCommandExecutor.java:216)
	at org.openqa.selenium.remote.service.DriverCommandExecutor.execute(DriverCommandExecutor.java:174)
	at org.openqa.selenium.remote.RemoteWebDriver.execute(RemoteWebDriver.java:519)
	at org.openqa.selenium.remote.ElementLocation$ElementFinder$2.findElement(ElementLocation.java:165)
	at org.openqa.selenium.remote.ElementLocation.findElement(ElementLocation.java:59)
	at org.openqa.selenium.remote.RemoteWebDriver.findElement(RemoteWebDriver.java:356)
	at org.openqa.selenium.remote.RemoteWebDriver.findElement(RemoteWebDriver.java:350)
	at pageObjects.Home_Page.print_item(Home_Page.java:146)
	at test_Cases.TS_2.Print_Book2(TS_2.java:72)
	at java.base/java.util.ArrayList.forEach(ArrayList.java:1511)
... Removed 36 stack frames</pre></div><a href='#' onClick='toggleBox("stack-trace1132385302", this, "Click to show all stack frames", "Click to hide stack frames")'>Click to show all stack frames</a>
<div class='stack-trace' id='stack-trace1132385302'><pre>org.openqa.selenium.NoSuchElementException: no such element: Unable to locate element: {&quot;method&quot;:&quot;xpath&quot;,&quot;selector&quot;:&quot;//*[@id=&quot;content&quot;]/div[3]/ul/li[13]/div/div[5]/a/div[1]/span&quot;}
  (Session info: chrome=120.0.6099.130)
For documentation on this error, please visit: https://www.selenium.dev/documentation/webdriver/troubleshooting/errors#no-such-element-exception
Build info: version: &apos;4.18.1&apos;, revision: &apos;b1d3319b48&apos;
System info: os.name: &apos;Windows 11&apos;, os.arch: &apos;amd64&apos;, os.version: &apos;10.0&apos;, java.version: &apos;17.0.9&apos;
Driver info: org.openqa.selenium.chrome.ChromeDriver
Command: [06113e802ec6ac3c8cc1ebb0eee94c8c, findElement {value=//*[@id=&quot;content&quot;]/div[3]/ul/li[13]/div/div[5]/a/div[1]/span, using=xpath}]
Capabilities {acceptInsecureCerts: false, browserName: chrome, browserVersion: 120.0.6099.130, chrome: {chromedriverVersion: 120.0.6099.109 (3419140ab66..., userDataDir: C:\Windows\SystemTemp\scope...}, fedcm:accounts: true, goog:chromeOptions: {debuggerAddress: localhost:52182}, networkConnectionEnabled: false, pageLoadStrategy: normal, platformName: windows, proxy: Proxy(), se:cdp: ws://localhost:52182/devtoo..., se:cdpVersion: 120.0.6099.130, setWindowRect: true, strictFileInteractability: false, timeouts: {implicit: 0, pageLoad: 300000, script: 30000}, unhandledPromptBehavior: dismiss and notify, webauthn:extension:credBlob: true, webauthn:extension:largeBlob: true, webauthn:extension:minPinLength: true, webauthn:extension:prf: true, webauthn:virtualAuthenticators: true}
Session ID: 06113e802ec6ac3c8cc1ebb0eee94c8c
	at java.base/jdk.internal.reflect.NativeConstructorAccessorImpl.newInstance0(Native Method)
	at java.base/jdk.internal.reflect.NativeConstructorAccessorImpl.newInstance(NativeConstructorAccessorImpl.java:77)
	at java.base/jdk.internal.reflect.DelegatingConstructorAccessorImpl.newInstance(DelegatingConstructorAccessorImpl.java:45)
	at java.base/java.lang.reflect.Constructor.newInstanceWithCaller(Constructor.java:499)
	at java.base/java.lang.reflect.Constructor.newInstance(Constructor.java:480)
	at org.openqa.selenium.remote.ErrorCodec.decode(ErrorCodec.java:167)
	at org.openqa.selenium.remote.codec.w3c.W3CHttpResponseCodec.decode(W3CHttpResponseCodec.java:138)
	at org.openqa.selenium.remote.codec.w3c.W3CHttpResponseCodec.decode(W3CHttpResponseCodec.java:50)
	at org.openqa.selenium.remote.HttpCommandExecutor.execute(HttpCommandExecutor.java:190)
	at org.openqa.selenium.remote.service.DriverCommandExecutor.invokeExecute(DriverCommandExecutor.java:216)
	at org.openqa.selenium.remote.service.DriverCommandExecutor.execute(DriverCommandExecutor.java:174)
	at org.openqa.selenium.remote.RemoteWebDriver.execute(RemoteWebDriver.java:519)
	at org.openqa.selenium.remote.ElementLocation$ElementFinder$2.findElement(ElementLocation.java:165)
	at org.openqa.selenium.remote.ElementLocation.findElement(ElementLocation.java:59)
	at org.openqa.selenium.remote.RemoteWebDriver.findElement(RemoteWebDriver.java:356)
	at org.openqa.selenium.remote.RemoteWebDriver.findElement(RemoteWebDriver.java:350)
	at pageObjects.Home_Page.print_item(Home_Page.java:146)
	at test_Cases.TS_2.Print_Book2(TS_2.java:72)
	at java.base/jdk.internal.reflect.NativeMethodAccessorImpl.invoke0(Native Method)
	at java.base/jdk.internal.reflect.NativeMethodAccessorImpl.invoke(NativeMethodAccessorImpl.java:77)
	at java.base/jdk.internal.reflect.DelegatingMethodAccessorImpl.invoke(DelegatingMethodAccessorImpl.java:43)
	at java.base/java.lang.reflect.Method.invoke(Method.java:568)
	at org.testng.internal.invokers.MethodInvocationHelper.invokeMethod(MethodInvocationHelper.java:139)
	at org.testng.internal.invokers.TestInvoker.invokeMethod(TestInvoker.java:664)
	at org.testng.internal.invokers.TestInvoker.invokeTestMethod(TestInvoker.java:228)
	at org.testng.internal.invokers.MethodRunner.runInSequence(MethodRunner.java:63)
	at org.testng.internal.invokers.TestInvoker$MethodInvocationAgent.invoke(TestInvoker.java:961)
	at org.testng.internal.invokers.TestInvoker.invokeTestMethods(TestInvoker.java:201)
	at org.testng.internal.invokers.TestMethodWorker.invokeTestMethods(TestMethodWorker.java:148)
	at org.testng.internal.invokers.TestMethodWorker.run(TestMethodWorker.java:128)
	at java.base/java.util.ArrayList.forEach(ArrayList.java:1511)
	at org.testng.TestRunner.privateRun(TestRunner.java:819)
	at org.testng.TestRunner.run(TestRunner.java:619)
	at org.testng.SuiteRunner.runTest(SuiteRunner.java:443)
	at org.testng.SuiteRunner.runSequentially(SuiteRunner.java:437)
	at org.testng.SuiteRunner.privateRun(SuiteRunner.java:397)
	at org.testng.SuiteRunner.run(SuiteRunner.java:336)
	at org.testng.SuiteRunnerWorker.runSuite(SuiteRunnerWorker.java:52)
	at org.testng.SuiteRunnerWorker.run(SuiteRunnerWorker.java:95)
	at org.testng.TestNG.runSuitesSequentially(TestNG.java:1301)
	at org.testng.TestNG.runSuitesLocally(TestNG.java:1228)
	at org.testng.TestNG.runSuites(TestNG.java:1134)
	at org.testng.TestNG.run(TestNG.java:1101)
	at org.apache.maven.surefire.testng.TestNGExecutor.run(TestNGExecutor.java:308)
	at org.apache.maven.surefire.testng.TestNGXmlTestSuite.execute(TestNGXmlTestSuite.java:71)
	at org.apache.maven.surefire.testng.TestNGProvider.invoke(TestNGProvider.java:113)
	at org.apache.maven.surefire.booter.ForkedBooter.runSuitesInProcess(ForkedBooter.java:385)
	at org.apache.maven.surefire.booter.ForkedBooter.execute(ForkedBooter.java:162)
	at org.apache.maven.surefire.booter.ForkedBooter.run(ForkedBooter.java:507)
	at org.apache.maven.surefire.booter.ForkedBooter.main(ForkedBooter.java:495)
</pre></div></td>
<td>20</td>
<td>test_Cases.TS_2@1530c739</td></tr>
<tr>
<td title='test_Cases.TS_2.select_Home_dkr()'><b>select_Home_dkr</b><br>Test class: test_Cases.TS_2</td>
<td><div><pre>org.openqa.selenium.ElementNotInteractableException: element not interactable
  (Session info: chrome=120.0.6099.130)
Build info: version: &apos;4.18.1&apos;, revision: &apos;b1d3319b48&apos;
System info: os.name: &apos;Windows 11&apos;, os.arch: &apos;amd64&apos;, os.version: &apos;10.0&apos;, java.version: &apos;17.0.9&apos;
Driver info: org.openqa.selenium.chrome.ChromeDriver
Command: [06113e802ec6ac3c8cc1ebb0eee94c8c, clickElement {id=E0F7263669B5440A07ACD7FADB89933A_element_170}]
Capabilities {acceptInsecureCerts: false, browserName: chrome, browserVersion: 120.0.6099.130, chrome: {chromedriverVersion: 120.0.6099.109 (3419140ab66..., userDataDir: C:\Windows\SystemTemp\scope...}, fedcm:accounts: true, goog:chromeOptions: {debuggerAddress: localhost:52182}, networkConnectionEnabled: false, pageLoadStrategy: normal, platformName: windows, proxy: Proxy(), se:cdp: ws://localhost:52182/devtoo..., se:cdpVersion: 120.0.6099.130, setWindowRect: true, strictFileInteractability: false, timeouts: {implicit: 0, pageLoad: 300000, script: 30000}, unhandledPromptBehavior: dismiss and notify, webauthn:extension:credBlob: true, webauthn:extension:largeBlob: true, webauthn:extension:minPinLength: true, webauthn:extension:prf: true, webauthn:virtualAuthenticators: true}
Element: [[ChromeDriver: chrome on windows (06113e802ec6ac3c8cc1ebb0eee94c8c)] -&gt; xpath: //input[@id=&apos;filters_brand_name_By_The_Home_Dekor&apos;]]
Session ID: 06113e802ec6ac3c8cc1ebb0eee94c8c
	at org.openqa.selenium.remote.ErrorCodec.decode(ErrorCodec.java:167)
	at org.openqa.selenium.remote.codec.w3c.W3CHttpResponseCodec.decode(W3CHttpResponseCodec.java:138)
	at org.openqa.selenium.remote.codec.w3c.W3CHttpResponseCodec.decode(W3CHttpResponseCodec.java:50)
	at org.openqa.selenium.remote.HttpCommandExecutor.execute(HttpCommandExecutor.java:190)
	at org.openqa.selenium.remote.service.DriverCommandExecutor.invokeExecute(DriverCommandExecutor.java:216)
	at org.openqa.selenium.remote.service.DriverCommandExecutor.execute(DriverCommandExecutor.java:174)
	at org.openqa.selenium.remote.RemoteWebDriver.execute(RemoteWebDriver.java:519)
	at org.openqa.selenium.remote.RemoteWebElement.execute(RemoteWebElement.java:223)
	at org.openqa.selenium.remote.RemoteWebElement.click(RemoteWebElement.java:76)
	at org.openqa.selenium.support.pagefactory.internal.LocatingElementHandler.invoke(LocatingElementHandler.java:51)
	at jdk.proxy2/jdk.proxy2.$Proxy28.click(Unknown Source)
	at pageObjects.Home_Page.Home(Home_Page.java:129)
	at test_Cases.TS_2.select_Home_dkr(TS_2.java:65)
	at java.base/java.util.ArrayList.forEach(ArrayList.java:1511)
... Removed 40 stack frames</pre></div><a href='#' onClick='toggleBox("stack-trace52104962", this, "Click to show all stack frames", "Click to hide stack frames")'>Click to show all stack frames</a>
<div class='stack-trace' id='stack-trace52104962'><pre>org.openqa.selenium.ElementNotInteractableException: element not interactable
  (Session info: chrome=120.0.6099.130)
Build info: version: &apos;4.18.1&apos;, revision: &apos;b1d3319b48&apos;
System info: os.name: &apos;Windows 11&apos;, os.arch: &apos;amd64&apos;, os.version: &apos;10.0&apos;, java.version: &apos;17.0.9&apos;
Driver info: org.openqa.selenium.chrome.ChromeDriver
Command: [06113e802ec6ac3c8cc1ebb0eee94c8c, clickElement {id=E0F7263669B5440A07ACD7FADB89933A_element_170}]
Capabilities {acceptInsecureCerts: false, browserName: chrome, browserVersion: 120.0.6099.130, chrome: {chromedriverVersion: 120.0.6099.109 (3419140ab66..., userDataDir: C:\Windows\SystemTemp\scope...}, fedcm:accounts: true, goog:chromeOptions: {debuggerAddress: localhost:52182}, networkConnectionEnabled: false, pageLoadStrategy: normal, platformName: windows, proxy: Proxy(), se:cdp: ws://localhost:52182/devtoo..., se:cdpVersion: 120.0.6099.130, setWindowRect: true, strictFileInteractability: false, timeouts: {implicit: 0, pageLoad: 300000, script: 30000}, unhandledPromptBehavior: dismiss and notify, webauthn:extension:credBlob: true, webauthn:extension:largeBlob: true, webauthn:extension:minPinLength: true, webauthn:extension:prf: true, webauthn:virtualAuthenticators: true}
Element: [[ChromeDriver: chrome on windows (06113e802ec6ac3c8cc1ebb0eee94c8c)] -&gt; xpath: //input[@id=&apos;filters_brand_name_By_The_Home_Dekor&apos;]]
Session ID: 06113e802ec6ac3c8cc1ebb0eee94c8c
	at java.base/jdk.internal.reflect.NativeConstructorAccessorImpl.newInstance0(Native Method)
	at java.base/jdk.internal.reflect.NativeConstructorAccessorImpl.newInstance(NativeConstructorAccessorImpl.java:77)
	at java.base/jdk.internal.reflect.DelegatingConstructorAccessorImpl.newInstance(DelegatingConstructorAccessorImpl.java:45)
	at java.base/java.lang.reflect.Constructor.newInstanceWithCaller(Constructor.java:499)
	at java.base/java.lang.reflect.Constructor.newInstance(Constructor.java:480)
	at org.openqa.selenium.remote.ErrorCodec.decode(ErrorCodec.java:167)
	at org.openqa.selenium.remote.codec.w3c.W3CHttpResponseCodec.decode(W3CHttpResponseCodec.java:138)
	at org.openqa.selenium.remote.codec.w3c.W3CHttpResponseCodec.decode(W3CHttpResponseCodec.java:50)
	at org.openqa.selenium.remote.HttpCommandExecutor.execute(HttpCommandExecutor.java:190)
	at org.openqa.selenium.remote.service.DriverCommandExecutor.invokeExecute(DriverCommandExecutor.java:216)
	at org.openqa.selenium.remote.service.DriverCommandExecutor.execute(DriverCommandExecutor.java:174)
	at org.openqa.selenium.remote.RemoteWebDriver.execute(RemoteWebDriver.java:519)
	at org.openqa.selenium.remote.RemoteWebElement.execute(RemoteWebElement.java:223)
	at org.openqa.selenium.remote.RemoteWebElement.click(RemoteWebElement.java:76)
	at java.base/jdk.internal.reflect.NativeMethodAccessorImpl.invoke0(Native Method)
	at java.base/jdk.internal.reflect.NativeMethodAccessorImpl.invoke(NativeMethodAccessorImpl.java:77)
	at java.base/jdk.internal.reflect.DelegatingMethodAccessorImpl.invoke(DelegatingMethodAccessorImpl.java:43)
	at java.base/java.lang.reflect.Method.invoke(Method.java:568)
	at org.openqa.selenium.support.pagefactory.internal.LocatingElementHandler.invoke(LocatingElementHandler.java:51)
	at jdk.proxy2/jdk.proxy2.$Proxy28.click(Unknown Source)
	at pageObjects.Home_Page.Home(Home_Page.java:129)
	at test_Cases.TS_2.select_Home_dkr(TS_2.java:65)
	at java.base/jdk.internal.reflect.NativeMethodAccessorImpl.invoke0(Native Method)
	at java.base/jdk.internal.reflect.NativeMethodAccessorImpl.invoke(NativeMethodAccessorImpl.java:77)
	at java.base/jdk.internal.reflect.DelegatingMethodAccessorImpl.invoke(DelegatingMethodAccessorImpl.java:43)
	at java.base/java.lang.reflect.Method.invoke(Method.java:568)
	at org.testng.internal.invokers.MethodInvocationHelper.invokeMethod(MethodInvocationHelper.java:139)
	at org.testng.internal.invokers.TestInvoker.invokeMethod(TestInvoker.java:664)
	at org.testng.internal.invokers.TestInvoker.invokeTestMethod(TestInvoker.java:228)
	at org.testng.internal.invokers.MethodRunner.runInSequence(MethodRunner.java:63)
	at org.testng.internal.invokers.TestInvoker$MethodInvocationAgent.invoke(TestInvoker.java:961)
	at org.testng.internal.invokers.TestInvoker.invokeTestMethods(TestInvoker.java:201)
	at org.testng.internal.invokers.TestMethodWorker.invokeTestMethods(TestMethodWorker.java:148)
	at org.testng.internal.invokers.TestMethodWorker.run(TestMethodWorker.java:128)
	at java.base/java.util.ArrayList.forEach(ArrayList.java:1511)
	at org.testng.TestRunner.privateRun(TestRunner.java:819)
	at org.testng.TestRunner.run(TestRunner.java:619)
	at org.testng.SuiteRunner.runTest(SuiteRunner.java:443)
	at org.testng.SuiteRunner.runSequentially(SuiteRunner.java:437)
	at org.testng.SuiteRunner.privateRun(SuiteRunner.java:397)
	at org.testng.SuiteRunner.run(SuiteRunner.java:336)
	at org.testng.SuiteRunnerWorker.runSuite(SuiteRunnerWorker.java:52)
	at org.testng.SuiteRunnerWorker.run(SuiteRunnerWorker.java:95)
	at org.testng.TestNG.runSuitesSequentially(TestNG.java:1301)
	at org.testng.TestNG.runSuitesLocally(TestNG.java:1228)
	at org.testng.TestNG.runSuites(TestNG.java:1134)
	at org.testng.TestNG.run(TestNG.java:1101)
	at org.apache.maven.surefire.testng.TestNGExecutor.run(TestNGExecutor.java:308)
	at org.apache.maven.surefire.testng.TestNGXmlTestSuite.execute(TestNGXmlTestSuite.java:71)
	at org.apache.maven.surefire.testng.TestNGProvider.invoke(TestNGProvider.java:113)
	at org.apache.maven.surefire.booter.ForkedBooter.runSuitesInProcess(ForkedBooter.java:385)
	at org.apache.maven.surefire.booter.ForkedBooter.execute(ForkedBooter.java:162)
	at org.apache.maven.surefire.booter.ForkedBooter.run(ForkedBooter.java:507)
	at org.apache.maven.surefire.booter.ForkedBooter.main(ForkedBooter.java:495)
</pre></div></td>
<td>13</td>
<td>test_Cases.TS_2@1530c739</td></tr>
</table><p>
<table width='100%' border='1' class='invocation-passed'>
<tr><td colspan='4' align='center'><b>PASSED TESTS</b></td></tr>
<tr><td><b>Test method</b></td>
<td><b>Attribute(s)</b></td>
<td width="30%"><b>Exception</b></td>
<td width="10%"><b>Time (seconds)</b></td>
<td><b>Instance</b></td>
</tr>
<tr>
<td title='test_Cases.TS_Login.Emailnew1()'><b>Emailnew1</b><br>Test class: test_Cases.TS_Login</td>
<td></td>
<td>1</td>
<td>test_Cases.TS_Login@54c5a2ff</td></tr>
<tr>
<td title='test_Cases.TS_1.PrintBook_1()'><b>PrintBook_1</b><br>Test class: test_Cases.TS_1</td>
<td></td>
<td>8</td>
<td>test_Cases.TS_1@449a4f23</td></tr>
<tr>
<td title='test_Cases.TS_1.StockPrice()'><b>StockPrice</b><br>Test class: test_Cases.TS_1</td>
<td></td>
<td>0</td>
<td>test_Cases.TS_1@449a4f23</td></tr>
<tr>
<td title='test_Cases.TS_Login.Error()'><b>Error</b><br>Test class: test_Cases.TS_Login</td>
<td></td>
<td>7</td>
<td>test_Cases.TS_Login@54c5a2ff</td></tr>
<tr>
<td title='test_Cases.TS_Login.Passnew()'><b>Passnew</b><br>Test class: test_Cases.TS_Login</td>
<td></td>
<td>0</td>
<td>test_Cases.TS_Login@54c5a2ff</td></tr>
<tr>
<td title='test_Cases.TS_3.click_gift_card()'><b>click_gift_card</b><br>Test class: test_Cases.TS_3</td>
<td></td>
<td>9</td>
<td>test_Cases.TS_3@5b1669c0</td></tr>
<tr>
<td title='test_Cases.TS_2.hover_storage()'><b>hover_storage</b><br>Test class: test_Cases.TS_2</td>
<td></td>
<td>0</td>
<td>test_Cases.TS_2@1530c739</td></tr>
<tr>
<td title='test_Cases.TS_2.print_collection()'><b>print_collection</b><br>Test class: test_Cases.TS_2</td>
<td></td>
<td>10</td>
<td>test_Cases.TS_2@1530c739</td></tr>
<tr>
<td title='test_Cases.TS_3.recipient_info()'><b>recipient_info</b><br>Test class: test_Cases.TS_3</td>
<td></td>
<td>1</td>
<td>test_Cases.TS_3@5b1669c0</td></tr>
<tr>
<td title='test_Cases.TS_Login.EmailWrite()'><b>EmailWrite</b><br>Test class: test_Cases.TS_Login</td>
<td></td>
<td>2</td>
<td>test_Cases.TS_Login@54c5a2ff</td></tr>
<tr>
<td title='test_Cases.TS_1.ExcludeStock()'><b>ExcludeStock</b><br>Test class: test_Cases.TS_1</td>
<td></td>
<td>1</td>
<td>test_Cases.TS_1@449a4f23</td></tr>
<tr>
<td title='test_Cases.TS_1.Popup()'><b>Popup</b><br>Test class: test_Cases.TS_1</td>
<td></td>
<td>0</td>
<td>test_Cases.TS_1@449a4f23</td></tr>
<tr>
<td title='test_Cases.TS_2.select_stock()'><b>select_stock</b><br>Test class: test_Cases.TS_2</td>
<td></td>
<td>0</td>
<td>test_Cases.TS_2@1530c739</td></tr>
<tr>
<td title='test_Cases.TS_Login.Login_Btnn()'><b>Login_Btnn</b><br>Test class: test_Cases.TS_Login</td>
<td></td>
<td>1</td>
<td>test_Cases.TS_Login@54c5a2ff</td></tr>
<tr>
<td title='test_Cases.TS_3.click_bNa()'><b>click_bNa</b><br>Test class: test_Cases.TS_3</td>
<td></td>
<td>0</td>
<td>test_Cases.TS_3@5b1669c0</td></tr>
<tr>
<td title='test_Cases.TS_Login.loginnew()'><b>loginnew</b><br>Test class: test_Cases.TS_Login</td>
<td></td>
<td>2</td>
<td>test_Cases.TS_Login@54c5a2ff</td></tr>
<tr>
<td title='test_Cases.TS_1.Price()'><b>Price</b><br>Test class: test_Cases.TS_1</td>
<td></td>
<td>0</td>
<td>test_Cases.TS_1@449a4f23</td></tr>
<tr>
<td title='test_Cases.TS_1.Hover()'><b>Hover</b><br>Test class: test_Cases.TS_1</td>
<td></td>
<td>0</td>
<td>test_Cases.TS_1@449a4f23</td></tr>
<tr>
<td title='test_Cases.TS_3.senders_info()'><b>senders_info</b><br>Test class: test_Cases.TS_3</td>
<td></td>
<td>2</td>
<td>test_Cases.TS_3@5b1669c0</td></tr>
<tr>
<td title='test_Cases.TS_Login.Loginnew()'><b>Loginnew</b><br>Test class: test_Cases.TS_Login</td>
<td></td>
<td>1</td>
<td>test_Cases.TS_Login@54c5a2ff</td></tr>
<tr>
<td title='test_Cases.TS_2.hover_price()'><b>hover_price</b><br>Test class: test_Cases.TS_2</td>
<td></td>
<td>6</td>
<td>test_Cases.TS_2@1530c739</td></tr>
<tr>
<td title='test_Cases.TS_2.Pop2()'><b>Pop2</b><br>Test class: test_Cases.TS_2</td>
<td></td>
<td>0</td>
<td>test_Cases.TS_2@1530c739</td></tr>
<tr>
<td title='test_Cases.TS_Login.Passwrd()'><b>Passwrd</b><br>Test class: test_Cases.TS_Login</td>
<td></td>
<td>0</td>
<td>test_Cases.TS_Login@54c5a2ff</td></tr>
<tr>
<td title='test_Cases.TS_1.Slider()'><b>Slider</b><br>Test class: test_Cases.TS_1</td>
<td></td>
<td>5</td>
<td>test_Cases.TS_1@449a4f23</td></tr>
<tr>
<td title='test_Cases.TS_Login.Login()'><b>Login</b><br>Test class: test_Cases.TS_Login</td>
<td></td>
<td>2</td>
<td>test_Cases.TS_Login@54c5a2ff</td></tr>
<tr>
<td title='test_Cases.TS_1.BookShelve()'><b>BookShelve</b><br>Test class: test_Cases.TS_1</td>
<td></td>
<td>6</td>
<td>test_Cases.TS_1@449a4f23</td></tr>
<tr>
<td title='test_Cases.TS_Login.LoginClick()'><b>LoginClick</b><br>Test class: test_Cases.TS_Login</td>
<td></td>
<td>1</td>
<td>test_Cases.TS_Login@54c5a2ff</td></tr>
<tr>
<td title='test_Cases.TS_3.error_info()'><b>error_info</b><br>Test class: test_Cases.TS_3</td>
<td></td>
<td>0</td>
<td>test_Cases.TS_3@5b1669c0</td></tr>
<tr>
<td title='test_Cases.TS_3.gift_info()'><b>gift_info</b><br>Test class: test_Cases.TS_3</td>
<td></td>
<td>2</td>
<td>test_Cases.TS_3@5b1669c0</td></tr>
<tr>
<td title='test_Cases.TS_Login.LoginClicknew()'><b>LoginClicknew</b><br>Test class: test_Cases.TS_Login</td>
<td></td>
<td>1</td>
<td>test_Cases.TS_Login@54c5a2ff</td></tr>
<tr>
<td title='test_Cases.TS_2.clickBook_shelves()'><b>clickBook_shelves</b><br>Test class: test_Cases.TS_2</td>
<td></td>
<td>5</td>
<td>test_Cases.TS_2@1530c739</td></tr>
</table><p>
</body>
</html>