<?xml version="1.0" encoding="UTF-8"?>
<testng-results ignored="0" total="33" passed="31" failed="2" skipped="0">
  <reporter-output>
  </reporter-output>
  <suite started-at="2024-03-20T16:44:36 IST" name="Suite" finished-at="2024-03-20T16:48:30 IST" duration-ms="234151">
    <groups>
    </groups>
    <test started-at="2024-03-20T16:44:36 IST" name="Test" finished-at="2024-03-20T16:48:30 IST" duration-ms="234151">
      <class name="test_Cases.TS_Login">
        <test-method is-config="true" signature="setup(java.lang.String)[pri:0, instance:test_Cases.TS_Login@54c5a2ff]" started-at="2024-03-20T16:44:37 IST" name="setup" finished-at="2024-03-20T16:44:59 IST" duration-ms="21980" status="PASS">
          <params>
            <param index="0">
              <value>
                <![CDATA[chrome]]>
              </value>
            </param>
          </params>
          <reporter-output>
          </reporter-output>
        </test-method> <!-- setup -->
        <test-method is-config="true" signature="set()[pri:0, instance:test_Cases.TS_Login@54c5a2ff]" started-at="2024-03-20T16:44:59 IST" name="set" finished-at="2024-03-20T16:44:59 IST" duration-ms="351" status="PASS">
          <reporter-output>
          </reporter-output>
        </test-method> <!-- set -->
        <test-method signature="Login()[pri:1, instance:test_Cases.TS_Login@54c5a2ff]" started-at="2024-03-20T16:44:59 IST" name="Login" finished-at="2024-03-20T16:45:02 IST" duration-ms="2542" status="PASS">
          <reporter-output>
          </reporter-output>
        </test-method> <!-- Login -->
        <test-method is-config="true" signature="set()[pri:0, instance:test_Cases.TS_Login@54c5a2ff]" started-at="2024-03-20T16:45:03 IST" name="set" finished-at="2024-03-20T16:45:03 IST" duration-ms="1" status="PASS">
          <reporter-output>
          </reporter-output>
        </test-method> <!-- set -->
        <test-method signature="LoginClick()[pri:2, instance:test_Cases.TS_Login@54c5a2ff]" started-at="2024-03-20T16:45:03 IST" name="LoginClick" finished-at="2024-03-20T16:45:04 IST" duration-ms="1323" status="PASS">
          <reporter-output>
          </reporter-output>
        </test-method> <!-- LoginClick -->
        <test-method is-config="true" signature="set()[pri:0, instance:test_Cases.TS_Login@54c5a2ff]" started-at="2024-03-20T16:45:05 IST" name="set" finished-at="2024-03-20T16:45:05 IST" duration-ms="5" status="PASS">
          <reporter-output>
          </reporter-output>
        </test-method> <!-- set -->
        <test-method signature="EmailWrite()[pri:3, instance:test_Cases.TS_Login@54c5a2ff]" started-at="2024-03-20T16:45:05 IST" name="EmailWrite" finished-at="2024-03-20T16:45:07 IST" duration-ms="2215" status="PASS">
          <reporter-output>
          </reporter-output>
        </test-method> <!-- EmailWrite -->
        <test-method is-config="true" signature="set()[pri:0, instance:test_Cases.TS_Login@54c5a2ff]" started-at="2024-03-20T16:45:09 IST" name="set" finished-at="2024-03-20T16:45:09 IST" duration-ms="2" status="PASS">
          <reporter-output>
          </reporter-output>
        </test-method> <!-- set -->
        <test-method signature="Passwrd()[pri:4, instance:test_Cases.TS_Login@54c5a2ff]" started-at="2024-03-20T16:45:09 IST" name="Passwrd" finished-at="2024-03-20T16:45:09 IST" duration-ms="543" status="PASS">
          <reporter-output>
          </reporter-output>
        </test-method> <!-- Passwrd -->
        <test-method is-config="true" signature="set()[pri:0, instance:test_Cases.TS_Login@54c5a2ff]" started-at="2024-03-20T16:45:10 IST" name="set" finished-at="2024-03-20T16:45:10 IST" duration-ms="2" status="PASS">
          <reporter-output>
          </reporter-output>
        </test-method> <!-- set -->
        <test-method signature="Login_Btnn()[pri:5, instance:test_Cases.TS_Login@54c5a2ff]" started-at="2024-03-20T16:45:10 IST" name="Login_Btnn" finished-at="2024-03-20T16:45:12 IST" duration-ms="1458" status="PASS">
          <reporter-output>
          </reporter-output>
        </test-method> <!-- Login_Btnn -->
        <test-method is-config="true" signature="set()[pri:0, instance:test_Cases.TS_Login@54c5a2ff]" started-at="2024-03-20T16:45:12 IST" name="set" finished-at="2024-03-20T16:45:12 IST" duration-ms="1" status="PASS">
          <reporter-output>
          </reporter-output>
        </test-method> <!-- set -->
        <test-method signature="Error()[pri:6, instance:test_Cases.TS_Login@54c5a2ff]" started-at="2024-03-20T16:45:12 IST" name="Error" finished-at="2024-03-20T16:45:20 IST" duration-ms="7851" status="PASS">
          <reporter-output>
          </reporter-output>
        </test-method> <!-- Error -->
        <test-method is-config="true" signature="set()[pri:0, instance:test_Cases.TS_Login@54c5a2ff]" started-at="2024-03-20T16:45:21 IST" name="set" finished-at="2024-03-20T16:45:21 IST" duration-ms="2" status="PASS">
          <reporter-output>
          </reporter-output>
        </test-method> <!-- set -->
        <test-method signature="Loginnew()[pri:7, instance:test_Cases.TS_Login@54c5a2ff]" started-at="2024-03-20T16:45:21 IST" name="Loginnew" finished-at="2024-03-20T16:45:22 IST" duration-ms="1345" status="PASS">
          <reporter-output>
          </reporter-output>
        </test-method> <!-- Loginnew -->
        <test-method is-config="true" signature="set()[pri:0, instance:test_Cases.TS_Login@54c5a2ff]" started-at="2024-03-20T16:45:23 IST" name="set" finished-at="2024-03-20T16:45:23 IST" duration-ms="2" status="PASS">
          <reporter-output>
          </reporter-output>
        </test-method> <!-- set -->
        <test-method signature="LoginClicknew()[pri:8, instance:test_Cases.TS_Login@54c5a2ff]" started-at="2024-03-20T16:45:23 IST" name="LoginClicknew" finished-at="2024-03-20T16:45:25 IST" duration-ms="1502" status="PASS">
          <reporter-output>
          </reporter-output>
        </test-method> <!-- LoginClicknew -->
        <test-method is-config="true" signature="set()[pri:0, instance:test_Cases.TS_Login@54c5a2ff]" started-at="2024-03-20T16:45:25 IST" name="set" finished-at="2024-03-20T16:45:25 IST" duration-ms="1" status="PASS">
          <reporter-output>
          </reporter-output>
        </test-method> <!-- set -->
        <test-method signature="Emailnew1()[pri:9, instance:test_Cases.TS_Login@54c5a2ff]" started-at="2024-03-20T16:45:25 IST" name="Emailnew1" finished-at="2024-03-20T16:45:27 IST" duration-ms="1910" status="PASS">
          <reporter-output>
          </reporter-output>
        </test-method> <!-- Emailnew1 -->
        <test-method is-config="true" signature="set()[pri:0, instance:test_Cases.TS_Login@54c5a2ff]" started-at="2024-03-20T16:45:28 IST" name="set" finished-at="2024-03-20T16:45:28 IST" duration-ms="2" status="PASS">
          <reporter-output>
          </reporter-output>
        </test-method> <!-- set -->
        <test-method signature="Passnew()[pri:10, instance:test_Cases.TS_Login@54c5a2ff]" started-at="2024-03-20T16:45:28 IST" name="Passnew" finished-at="2024-03-20T16:45:29 IST" duration-ms="493" status="PASS">
          <reporter-output>
          </reporter-output>
        </test-method> <!-- Passnew -->
        <test-method is-config="true" signature="set()[pri:0, instance:test_Cases.TS_Login@54c5a2ff]" started-at="2024-03-20T16:45:29 IST" name="set" finished-at="2024-03-20T16:45:29 IST" duration-ms="1" status="PASS">
          <reporter-output>
          </reporter-output>
        </test-method> <!-- set -->
        <test-method signature="loginnew()[pri:11, instance:test_Cases.TS_Login@54c5a2ff]" started-at="2024-03-20T16:45:29 IST" name="loginnew" finished-at="2024-03-20T16:45:32 IST" duration-ms="2087" status="PASS">
          <reporter-output>
          </reporter-output>
        </test-method> <!-- loginnew -->
        <test-method is-config="true" signature="tearDown()[pri:0, instance:test_Cases.TS_Login@54c5a2ff]" started-at="2024-03-20T16:45:33 IST" name="tearDown" finished-at="2024-03-20T16:45:40 IST" duration-ms="6608" status="PASS">
          <reporter-output>
          </reporter-output>
        </test-method> <!-- tearDown -->
      </class> <!-- test_Cases.TS_Login -->
      <class name="test_Cases.TS_2">
        <test-method is-config="true" signature="setup(java.lang.String)[pri:0, instance:test_Cases.TS_2@1530c739]" started-at="2024-03-20T16:46:28 IST" name="setup" finished-at="2024-03-20T16:46:40 IST" duration-ms="11935" status="PASS">
          <params>
            <param index="0">
              <value>
                <![CDATA[chrome]]>
              </value>
            </param>
          </params>
          <reporter-output>
          </reporter-output>
        </test-method> <!-- setup -->
        <test-method is-config="true" signature="set2()[pri:0, instance:test_Cases.TS_2@1530c739]" started-at="2024-03-20T16:46:40 IST" name="set2" finished-at="2024-03-20T16:46:40 IST" duration-ms="1" status="PASS">
          <reporter-output>
          </reporter-output>
        </test-method> <!-- set2 -->
        <test-method signature="clickBook_shelves()[pri:1, instance:test_Cases.TS_2@1530c739]" started-at="2024-03-20T16:46:40 IST" name="clickBook_shelves" finished-at="2024-03-20T16:46:45 IST" duration-ms="5287" status="PASS">
          <reporter-output>
          </reporter-output>
        </test-method> <!-- clickBook_shelves -->
        <test-method is-config="true" signature="set2()[pri:0, instance:test_Cases.TS_2@1530c739]" started-at="2024-03-20T16:46:46 IST" name="set2" finished-at="2024-03-20T16:46:46 IST" duration-ms="1" status="PASS">
          <reporter-output>
          </reporter-output>
        </test-method> <!-- set2 -->
        <test-method signature="Pop2()[pri:2, instance:test_Cases.TS_2@1530c739]" started-at="2024-03-20T16:46:46 IST" name="Pop2" finished-at="2024-03-20T16:46:46 IST" duration-ms="260" status="PASS">
          <reporter-output>
          </reporter-output>
        </test-method> <!-- Pop2 -->
        <test-method is-config="true" signature="set2()[pri:0, instance:test_Cases.TS_2@1530c739]" started-at="2024-03-20T16:46:47 IST" name="set2" finished-at="2024-03-20T16:46:47 IST" duration-ms="2" status="PASS">
          <reporter-output>
          </reporter-output>
        </test-method> <!-- set2 -->
        <test-method signature="hover_price()[pri:2, instance:test_Cases.TS_2@1530c739]" started-at="2024-03-20T16:46:47 IST" name="hover_price" finished-at="2024-03-20T16:46:53 IST" duration-ms="6227" status="PASS">
          <reporter-output>
          </reporter-output>
        </test-method> <!-- hover_price -->
        <test-method is-config="true" signature="set2()[pri:0, instance:test_Cases.TS_2@1530c739]" started-at="2024-03-20T16:46:54 IST" name="set2" finished-at="2024-03-20T16:46:54 IST" duration-ms="2" status="PASS">
          <reporter-output>
          </reporter-output>
        </test-method> <!-- set2 -->
        <test-method signature="hover_storage()[pri:4, instance:test_Cases.TS_2@1530c739]" started-at="2024-03-20T16:46:54 IST" name="hover_storage" finished-at="2024-03-20T16:46:54 IST" duration-ms="511" status="PASS">
          <reporter-output>
          </reporter-output>
        </test-method> <!-- hover_storage -->
        <test-method is-config="true" signature="set2()[pri:0, instance:test_Cases.TS_2@1530c739]" started-at="2024-03-20T16:46:55 IST" name="set2" finished-at="2024-03-20T16:46:55 IST" duration-ms="2" status="PASS">
          <reporter-output>
          </reporter-output>
        </test-method> <!-- set2 -->
        <test-method signature="select_stock()[pri:5, instance:test_Cases.TS_2@1530c739]" started-at="2024-03-20T16:46:55 IST" name="select_stock" finished-at="2024-03-20T16:46:55 IST" duration-ms="683" status="PASS">
          <reporter-output>
          </reporter-output>
        </test-method> <!-- select_stock -->
        <test-method is-config="true" signature="set2()[pri:0, instance:test_Cases.TS_2@1530c739]" started-at="2024-03-20T16:46:56 IST" name="set2" finished-at="2024-03-20T16:46:56 IST" duration-ms="2" status="PASS">
          <reporter-output>
          </reporter-output>
        </test-method> <!-- set2 -->
        <test-method signature="select_Home_dkr()[pri:6, instance:test_Cases.TS_2@1530c739]" started-at="2024-03-20T16:46:56 IST" name="select_Home_dkr" finished-at="2024-03-20T16:47:09 IST" duration-ms="13173" status="FAIL">
          <exception class="org.openqa.selenium.ElementNotInteractableException">
            <message>
              <![CDATA[element not interactable
  (Session info: chrome=120.0.6099.130)
Build info: version: '4.18.1', revision: 'b1d3319b48'
System info: os.name: 'Windows 11', os.arch: 'amd64', os.version: '10.0', java.version: '17.0.9'
Driver info: org.openqa.selenium.chrome.ChromeDriver
Command: [06113e802ec6ac3c8cc1ebb0eee94c8c, clickElement {id=E0F7263669B5440A07ACD7FADB89933A_element_170}]
Capabilities {acceptInsecureCerts: false, browserName: chrome, browserVersion: 120.0.6099.130, chrome: {chromedriverVersion: 120.0.6099.109 (3419140ab66..., userDataDir: C:\Windows\SystemTemp\scope...}, fedcm:accounts: true, goog:chromeOptions: {debuggerAddress: localhost:52182}, networkConnectionEnabled: false, pageLoadStrategy: normal, platformName: windows, proxy: Proxy(), se:cdp: ws://localhost:52182/devtoo..., se:cdpVersion: 120.0.6099.130, setWindowRect: true, strictFileInteractability: false, timeouts: {implicit: 0, pageLoad: 300000, script: 30000}, unhandledPromptBehavior: dismiss and notify, webauthn:extension:credBlob: true, webauthn:extension:largeBlob: true, webauthn:extension:minPinLength: true, webauthn:extension:prf: true, webauthn:virtualAuthenticators: true}
Element: [[ChromeDriver: chrome on windows (06113e802ec6ac3c8cc1ebb0eee94c8c)] -> xpath: //input[@id='filters_brand_name_By_The_Home_Dekor']]
Session ID: 06113e802ec6ac3c8cc1ebb0eee94c8c]]>
            </message>
            <full-stacktrace>
              <![CDATA[org.openqa.selenium.ElementNotInteractableException: element not interactable
  (Session info: chrome=120.0.6099.130)
Build info: version: '4.18.1', revision: 'b1d3319b48'
System info: os.name: 'Windows 11', os.arch: 'amd64', os.version: '10.0', java.version: '17.0.9'
Driver info: org.openqa.selenium.chrome.ChromeDriver
Command: [06113e802ec6ac3c8cc1ebb0eee94c8c, clickElement {id=E0F7263669B5440A07ACD7FADB89933A_element_170}]
Capabilities {acceptInsecureCerts: false, browserName: chrome, browserVersion: 120.0.6099.130, chrome: {chromedriverVersion: 120.0.6099.109 (3419140ab66..., userDataDir: C:\Windows\SystemTemp\scope...}, fedcm:accounts: true, goog:chromeOptions: {debuggerAddress: localhost:52182}, networkConnectionEnabled: false, pageLoadStrategy: normal, platformName: windows, proxy: Proxy(), se:cdp: ws://localhost:52182/devtoo..., se:cdpVersion: 120.0.6099.130, setWindowRect: true, strictFileInteractability: false, timeouts: {implicit: 0, pageLoad: 300000, script: 30000}, unhandledPromptBehavior: dismiss and notify, webauthn:extension:credBlob: true, webauthn:extension:largeBlob: true, webauthn:extension:minPinLength: true, webauthn:extension:prf: true, webauthn:virtualAuthenticators: true}
Element: [[ChromeDriver: chrome on windows (06113e802ec6ac3c8cc1ebb0eee94c8c)] -> xpath: //input[@id='filters_brand_name_By_The_Home_Dekor']]
Session ID: 06113e802ec6ac3c8cc1ebb0eee94c8c
at java.base/jdk.internal.reflect.NativeConstructorAccessorImpl.newInstance0(Native Method)
at java.base/jdk.internal.reflect.NativeConstructorAccessorImpl.newInstance(NativeConstructorAccessorImpl.java:77)
at java.base/jdk.internal.reflect.DelegatingConstructorAccessorImpl.newInstance(DelegatingConstructorAccessorImpl.java:45)
at java.base/java.lang.reflect.Constructor.newInstanceWithCaller(Constructor.java:499)
at java.base/java.lang.reflect.Constructor.newInstance(Constructor.java:480)
at org.openqa.selenium.remote.ErrorCodec.decode(ErrorCodec.java:167)
at org.openqa.selenium.remote.codec.w3c.W3CHttpResponseCodec.decode(W3CHttpResponseCodec.java:138)
at org.openqa.selenium.remote.codec.w3c.W3CHttpResponseCodec.decode(W3CHttpResponseCodec.java:50)
at org.openqa.selenium.remote.HttpCommandExecutor.execute(HttpCommandExecutor.java:190)
at org.openqa.selenium.remote.service.DriverCommandExecutor.invokeExecute(DriverCommandExecutor.java:216)
at org.openqa.selenium.remote.service.DriverCommandExecutor.execute(DriverCommandExecutor.java:174)
at org.openqa.selenium.remote.RemoteWebDriver.execute(RemoteWebDriver.java:519)
at org.openqa.selenium.remote.RemoteWebElement.execute(RemoteWebElement.java:223)
at org.openqa.selenium.remote.RemoteWebElement.click(RemoteWebElement.java:76)
at java.base/jdk.internal.reflect.NativeMethodAccessorImpl.invoke0(Native Method)
at java.base/jdk.internal.reflect.NativeMethodAccessorImpl.invoke(NativeMethodAccessorImpl.java:77)
at java.base/jdk.internal.reflect.DelegatingMethodAccessorImpl.invoke(DelegatingMethodAccessorImpl.java:43)
at java.base/java.lang.reflect.Method.invoke(Method.java:568)
at org.openqa.selenium.support.pagefactory.internal.LocatingElementHandler.invoke(LocatingElementHandler.java:51)
at jdk.proxy2/jdk.proxy2.$Proxy28.click(Unknown Source)
at pageObjects.Home_Page.Home(Home_Page.java:129)
at test_Cases.TS_2.select_Home_dkr(TS_2.java:65)
at java.base/jdk.internal.reflect.NativeMethodAccessorImpl.invoke0(Native Method)
at java.base/jdk.internal.reflect.NativeMethodAccessorImpl.invoke(NativeMethodAccessorImpl.java:77)
at java.base/jdk.internal.reflect.DelegatingMethodAccessorImpl.invoke(DelegatingMethodAccessorImpl.java:43)
at java.base/java.lang.reflect.Method.invoke(Method.java:568)
at org.testng.internal.invokers.MethodInvocationHelper.invokeMethod(MethodInvocationHelper.java:139)
at org.testng.internal.invokers.TestInvoker.invokeMethod(TestInvoker.java:664)
at org.testng.internal.invokers.TestInvoker.invokeTestMethod(TestInvoker.java:228)
at org.testng.internal.invokers.MethodRunner.runInSequence(MethodRunner.java:63)
at org.testng.internal.invokers.TestInvoker$MethodInvocationAgent.invoke(TestInvoker.java:961)
at org.testng.internal.invokers.TestInvoker.invokeTestMethods(TestInvoker.java:201)
at org.testng.internal.invokers.TestMethodWorker.invokeTestMethods(TestMethodWorker.java:148)
at org.testng.internal.invokers.TestMethodWorker.run(TestMethodWorker.java:128)
at java.base/java.util.ArrayList.forEach(ArrayList.java:1511)
at org.testng.TestRunner.privateRun(TestRunner.java:819)
at org.testng.TestRunner.run(TestRunner.java:619)
at org.testng.SuiteRunner.runTest(SuiteRunner.java:443)
at org.testng.SuiteRunner.runSequentially(SuiteRunner.java:437)
at org.testng.SuiteRunner.privateRun(SuiteRunner.java:397)
at org.testng.SuiteRunner.run(SuiteRunner.java:336)
at org.testng.SuiteRunnerWorker.runSuite(SuiteRunnerWorker.java:52)
at org.testng.SuiteRunnerWorker.run(SuiteRunnerWorker.java:95)
at org.testng.TestNG.runSuitesSequentially(TestNG.java:1301)
at org.testng.TestNG.runSuitesLocally(TestNG.java:1228)
at org.testng.TestNG.runSuites(TestNG.java:1134)
at org.testng.TestNG.run(TestNG.java:1101)
at org.apache.maven.surefire.testng.TestNGExecutor.run(TestNGExecutor.java:308)
at org.apache.maven.surefire.testng.TestNGXmlTestSuite.execute(TestNGXmlTestSuite.java:71)
at org.apache.maven.surefire.testng.TestNGProvider.invoke(TestNGProvider.java:113)
at org.apache.maven.surefire.booter.ForkedBooter.runSuitesInProcess(ForkedBooter.java:385)
at org.apache.maven.surefire.booter.ForkedBooter.execute(ForkedBooter.java:162)
at org.apache.maven.surefire.booter.ForkedBooter.run(ForkedBooter.java:507)
at org.apache.maven.surefire.booter.ForkedBooter.main(ForkedBooter.java:495)
]]>
            </full-stacktrace>
          </exception> <!-- org.openqa.selenium.ElementNotInteractableException -->
          <reporter-output>
          </reporter-output>
        </test-method> <!-- select_Home_dkr -->
        <test-method is-config="true" signature="set2()[pri:0, instance:test_Cases.TS_2@1530c739]" started-at="2024-03-20T16:47:09 IST" name="set2" finished-at="2024-03-20T16:47:09 IST" duration-ms="2" status="PASS">
          <reporter-output>
          </reporter-output>
        </test-method> <!-- set2 -->
        <test-method signature="Print_Book2()[pri:7, instance:test_Cases.TS_2@1530c739]" started-at="2024-03-20T16:47:09 IST" name="Print_Book2" finished-at="2024-03-20T16:47:30 IST" duration-ms="20251" status="FAIL">
          <exception class="org.openqa.selenium.NoSuchElementException">
            <message>
              <![CDATA[no such element: Unable to locate element: {"method":"xpath","selector":"//*[@id="content"]/div[3]/ul/li[13]/div/div[5]/a/div[1]/span"}
  (Session info: chrome=120.0.6099.130)
For documentation on this error, please visit: https://www.selenium.dev/documentation/webdriver/troubleshooting/errors#no-such-element-exception
Build info: version: '4.18.1', revision: 'b1d3319b48'
System info: os.name: 'Windows 11', os.arch: 'amd64', os.version: '10.0', java.version: '17.0.9'
Driver info: org.openqa.selenium.chrome.ChromeDriver
Command: [06113e802ec6ac3c8cc1ebb0eee94c8c, findElement {value=//*[@id="content"]/div[3]/ul/li[13]/div/div[5]/a/div[1]/span, using=xpath}]
Capabilities {acceptInsecureCerts: false, browserName: chrome, browserVersion: 120.0.6099.130, chrome: {chromedriverVersion: 120.0.6099.109 (3419140ab66..., userDataDir: C:\Windows\SystemTemp\scope...}, fedcm:accounts: true, goog:chromeOptions: {debuggerAddress: localhost:52182}, networkConnectionEnabled: false, pageLoadStrategy: normal, platformName: windows, proxy: Proxy(), se:cdp: ws://localhost:52182/devtoo..., se:cdpVersion: 120.0.6099.130, setWindowRect: true, strictFileInteractability: false, timeouts: {implicit: 0, pageLoad: 300000, script: 30000}, unhandledPromptBehavior: dismiss and notify, webauthn:extension:credBlob: true, webauthn:extension:largeBlob: true, webauthn:extension:minPinLength: true, webauthn:extension:prf: true, webauthn:virtualAuthenticators: true}
Session ID: 06113e802ec6ac3c8cc1ebb0eee94c8c]]>
            </message>
            <full-stacktrace>
              <![CDATA[org.openqa.selenium.NoSuchElementException: no such element: Unable to locate element: {"method":"xpath","selector":"//*[@id="content"]/div[3]/ul/li[13]/div/div[5]/a/div[1]/span"}
  (Session info: chrome=120.0.6099.130)
For documentation on this error, please visit: https://www.selenium.dev/documentation/webdriver/troubleshooting/errors#no-such-element-exception
Build info: version: '4.18.1', revision: 'b1d3319b48'
System info: os.name: 'Windows 11', os.arch: 'amd64', os.version: '10.0', java.version: '17.0.9'
Driver info: org.openqa.selenium.chrome.ChromeDriver
Command: [06113e802ec6ac3c8cc1ebb0eee94c8c, findElement {value=//*[@id="content"]/div[3]/ul/li[13]/div/div[5]/a/div[1]/span, using=xpath}]
Capabilities {acceptInsecureCerts: false, browserName: chrome, browserVersion: 120.0.6099.130, chrome: {chromedriverVersion: 120.0.6099.109 (3419140ab66..., userDataDir: C:\Windows\SystemTemp\scope...}, fedcm:accounts: true, goog:chromeOptions: {debuggerAddress: localhost:52182}, networkConnectionEnabled: false, pageLoadStrategy: normal, platformName: windows, proxy: Proxy(), se:cdp: ws://localhost:52182/devtoo..., se:cdpVersion: 120.0.6099.130, setWindowRect: true, strictFileInteractability: false, timeouts: {implicit: 0, pageLoad: 300000, script: 30000}, unhandledPromptBehavior: dismiss and notify, webauthn:extension:credBlob: true, webauthn:extension:largeBlob: true, webauthn:extension:minPinLength: true, webauthn:extension:prf: true, webauthn:virtualAuthenticators: true}
Session ID: 06113e802ec6ac3c8cc1ebb0eee94c8c
at java.base/jdk.internal.reflect.NativeConstructorAccessorImpl.newInstance0(Native Method)
at java.base/jdk.internal.reflect.NativeConstructorAccessorImpl.newInstance(NativeConstructorAccessorImpl.java:77)
at java.base/jdk.internal.reflect.DelegatingConstructorAccessorImpl.newInstance(DelegatingConstructorAccessorImpl.java:45)
at java.base/java.lang.reflect.Constructor.newInstanceWithCaller(Constructor.java:499)
at java.base/java.lang.reflect.Constructor.newInstance(Constructor.java:480)
at org.openqa.selenium.remote.ErrorCodec.decode(ErrorCodec.java:167)
at org.openqa.selenium.remote.codec.w3c.W3CHttpResponseCodec.decode(W3CHttpResponseCodec.java:138)
at org.openqa.selenium.remote.codec.w3c.W3CHttpResponseCodec.decode(W3CHttpResponseCodec.java:50)
at org.openqa.selenium.remote.HttpCommandExecutor.execute(HttpCommandExecutor.java:190)
at org.openqa.selenium.remote.service.DriverCommandExecutor.invokeExecute(DriverCommandExecutor.java:216)
at org.openqa.selenium.remote.service.DriverCommandExecutor.execute(DriverCommandExecutor.java:174)
at org.openqa.selenium.remote.RemoteWebDriver.execute(RemoteWebDriver.java:519)
at org.openqa.selenium.remote.ElementLocation$ElementFinder$2.findElement(ElementLocation.java:165)
at org.openqa.selenium.remote.ElementLocation.findElement(ElementLocation.java:59)
at org.openqa.selenium.remote.RemoteWebDriver.findElement(RemoteWebDriver.java:356)
at org.openqa.selenium.remote.RemoteWebDriver.findElement(RemoteWebDriver.java:350)
at pageObjects.Home_Page.print_item(Home_Page.java:146)
at test_Cases.TS_2.Print_Book2(TS_2.java:72)
at java.base/jdk.internal.reflect.NativeMethodAccessorImpl.invoke0(Native Method)
at java.base/jdk.internal.reflect.NativeMethodAccessorImpl.invoke(NativeMethodAccessorImpl.java:77)
at java.base/jdk.internal.reflect.DelegatingMethodAccessorImpl.invoke(DelegatingMethodAccessorImpl.java:43)
at java.base/java.lang.reflect.Method.invoke(Method.java:568)
at org.testng.internal.invokers.MethodInvocationHelper.invokeMethod(MethodInvocationHelper.java:139)
at org.testng.internal.invokers.TestInvoker.invokeMethod(TestInvoker.java:664)
at org.testng.internal.invokers.TestInvoker.invokeTestMethod(TestInvoker.java:228)
at org.testng.internal.invokers.MethodRunner.runInSequence(MethodRunner.java:63)
at org.testng.internal.invokers.TestInvoker$MethodInvocationAgent.invoke(TestInvoker.java:961)
at org.testng.internal.invokers.TestInvoker.invokeTestMethods(TestInvoker.java:201)
at org.testng.internal.invokers.TestMethodWorker.invokeTestMethods(TestMethodWorker.java:148)
at org.testng.internal.invokers.TestMethodWorker.run(TestMethodWorker.java:128)
at java.base/java.util.ArrayList.forEach(ArrayList.java:1511)
at org.testng.TestRunner.privateRun(TestRunner.java:819)
at org.testng.TestRunner.run(TestRunner.java:619)
at org.testng.SuiteRunner.runTest(SuiteRunner.java:443)
at org.testng.SuiteRunner.runSequentially(SuiteRunner.java:437)
at org.testng.SuiteRunner.privateRun(SuiteRunner.java:397)
at org.testng.SuiteRunner.run(SuiteRunner.java:336)
at org.testng.SuiteRunnerWorker.runSuite(SuiteRunnerWorker.java:52)
at org.testng.SuiteRunnerWorker.run(SuiteRunnerWorker.java:95)
at org.testng.TestNG.runSuitesSequentially(TestNG.java:1301)
at org.testng.TestNG.runSuitesLocally(TestNG.java:1228)
at org.testng.TestNG.runSuites(TestNG.java:1134)
at org.testng.TestNG.run(TestNG.java:1101)
at org.apache.maven.surefire.testng.TestNGExecutor.run(TestNGExecutor.java:308)
at org.apache.maven.surefire.testng.TestNGXmlTestSuite.execute(TestNGXmlTestSuite.java:71)
at org.apache.maven.surefire.testng.TestNGProvider.invoke(TestNGProvider.java:113)
at org.apache.maven.surefire.booter.ForkedBooter.runSuitesInProcess(ForkedBooter.java:385)
at org.apache.maven.surefire.booter.ForkedBooter.execute(ForkedBooter.java:162)
at org.apache.maven.surefire.booter.ForkedBooter.run(ForkedBooter.java:507)
at org.apache.maven.surefire.booter.ForkedBooter.main(ForkedBooter.java:495)
]]>
            </full-stacktrace>
          </exception> <!-- org.openqa.selenium.NoSuchElementException -->
          <reporter-output>
          </reporter-output>
        </test-method> <!-- Print_Book2 -->
        <test-method is-config="true" signature="set2()[pri:0, instance:test_Cases.TS_2@1530c739]" started-at="2024-03-20T16:47:30 IST" name="set2" finished-at="2024-03-20T16:47:30 IST" duration-ms="2" status="PASS">
          <reporter-output>
          </reporter-output>
        </test-method> <!-- set2 -->
        <test-method signature="print_collection()[pri:8, instance:test_Cases.TS_2@1530c739]" started-at="2024-03-20T16:47:30 IST" name="print_collection" finished-at="2024-03-20T16:47:41 IST" duration-ms="10974" status="PASS">
          <reporter-output>
          </reporter-output>
        </test-method> <!-- print_collection -->
        <test-method is-config="true" signature="tearDown()[pri:0, instance:test_Cases.TS_2@1530c739]" started-at="2024-03-20T16:47:41 IST" name="tearDown" finished-at="2024-03-20T16:47:47 IST" duration-ms="5939" status="PASS">
          <reporter-output>
          </reporter-output>
        </test-method> <!-- tearDown -->
      </class> <!-- test_Cases.TS_2 -->
      <class name="test_Cases.TS_3">
        <test-method is-config="true" signature="setup(java.lang.String)[pri:0, instance:test_Cases.TS_3@5b1669c0]" started-at="2024-03-20T16:47:47 IST" name="setup" finished-at="2024-03-20T16:48:04 IST" duration-ms="16145" status="PASS">
          <params>
            <param index="0">
              <value>
                <![CDATA[chrome]]>
              </value>
            </param>
          </params>
          <reporter-output>
          </reporter-output>
        </test-method> <!-- setup -->
        <test-method is-config="true" signature="set3()[pri:0, instance:test_Cases.TS_3@5b1669c0]" started-at="2024-03-20T16:48:04 IST" name="set3" finished-at="2024-03-20T16:48:04 IST" duration-ms="105" status="PASS">
          <reporter-output>
          </reporter-output>
        </test-method> <!-- set3 -->
        <test-method signature="click_gift_card()[pri:1, instance:test_Cases.TS_3@5b1669c0]" started-at="2024-03-20T16:48:04 IST" name="click_gift_card" finished-at="2024-03-20T16:48:13 IST" duration-ms="9532" status="PASS">
          <reporter-output>
          </reporter-output>
        </test-method> <!-- click_gift_card -->
        <test-method is-config="true" signature="set3()[pri:0, instance:test_Cases.TS_3@5b1669c0]" started-at="2024-03-20T16:48:14 IST" name="set3" finished-at="2024-03-20T16:48:14 IST" duration-ms="2" status="PASS">
          <reporter-output>
          </reporter-output>
        </test-method> <!-- set3 -->
        <test-method signature="click_bNa()[pri:2, instance:test_Cases.TS_3@5b1669c0]" started-at="2024-03-20T16:48:14 IST" name="click_bNa" finished-at="2024-03-20T16:48:15 IST" duration-ms="398" status="PASS">
          <reporter-output>
          </reporter-output>
        </test-method> <!-- click_bNa -->
        <test-method is-config="true" signature="set3()[pri:0, instance:test_Cases.TS_3@5b1669c0]" started-at="2024-03-20T16:48:15 IST" name="set3" finished-at="2024-03-20T16:48:15 IST" duration-ms="3" status="PASS">
          <reporter-output>
          </reporter-output>
        </test-method> <!-- set3 -->
        <test-method signature="gift_info()[pri:3, instance:test_Cases.TS_3@5b1669c0]" started-at="2024-03-20T16:48:15 IST" name="gift_info" finished-at="2024-03-20T16:48:17 IST" duration-ms="2435" status="PASS">
          <reporter-output>
          </reporter-output>
        </test-method> <!-- gift_info -->
        <test-method is-config="true" signature="set3()[pri:0, instance:test_Cases.TS_3@5b1669c0]" started-at="2024-03-20T16:48:18 IST" name="set3" finished-at="2024-03-20T16:48:18 IST" duration-ms="2" status="PASS">
          <reporter-output>
          </reporter-output>
        </test-method> <!-- set3 -->
        <test-method signature="recipient_info()[pri:4, instance:test_Cases.TS_3@5b1669c0]" started-at="2024-03-20T16:48:18 IST" name="recipient_info" finished-at="2024-03-20T16:48:19 IST" duration-ms="1188" status="PASS">
          <reporter-output>
          </reporter-output>
        </test-method> <!-- recipient_info -->
        <test-method is-config="true" signature="set3()[pri:0, instance:test_Cases.TS_3@5b1669c0]" started-at="2024-03-20T16:48:20 IST" name="set3" finished-at="2024-03-20T16:48:20 IST" duration-ms="3" status="PASS">
          <reporter-output>
          </reporter-output>
        </test-method> <!-- set3 -->
        <test-method signature="senders_info()[pri:5, instance:test_Cases.TS_3@5b1669c0]" started-at="2024-03-20T16:48:20 IST" name="senders_info" finished-at="2024-03-20T16:48:23 IST" duration-ms="2922" status="PASS">
          <reporter-output>
          </reporter-output>
        </test-method> <!-- senders_info -->
        <test-method is-config="true" signature="set3()[pri:0, instance:test_Cases.TS_3@5b1669c0]" started-at="2024-03-20T16:48:24 IST" name="set3" finished-at="2024-03-20T16:48:24 IST" duration-ms="4" status="PASS">
          <reporter-output>
          </reporter-output>
        </test-method> <!-- set3 -->
        <test-method signature="error_info()[pri:6, instance:test_Cases.TS_3@5b1669c0]" started-at="2024-03-20T16:48:24 IST" name="error_info" finished-at="2024-03-20T16:48:24 IST" duration-ms="191" status="PASS">
          <reporter-output>
          </reporter-output>
        </test-method> <!-- error_info -->
        <test-method is-config="true" signature="tearDown()[pri:0, instance:test_Cases.TS_3@5b1669c0]" started-at="2024-03-20T16:48:24 IST" name="tearDown" finished-at="2024-03-20T16:48:30 IST" duration-ms="5255" status="PASS">
          <reporter-output>
          </reporter-output>
        </test-method> <!-- tearDown -->
      </class> <!-- test_Cases.TS_3 -->
      <class name="test_Cases.TS_1">
        <test-method is-config="true" signature="setup(java.lang.String)[pri:0, instance:test_Cases.TS_1@449a4f23]" started-at="2024-03-20T16:45:40 IST" name="setup" finished-at="2024-03-20T16:45:52 IST" duration-ms="12883" status="PASS">
          <params>
            <param index="0">
              <value>
                <![CDATA[chrome]]>
              </value>
            </param>
          </params>
          <reporter-output>
          </reporter-output>
        </test-method> <!-- setup -->
        <test-method is-config="true" signature="set1()[pri:0, instance:test_Cases.TS_1@449a4f23]" started-at="2024-03-20T16:45:53 IST" name="set1" finished-at="2024-03-20T16:45:53 IST" duration-ms="234" status="PASS">
          <reporter-output>
          </reporter-output>
        </test-method> <!-- set1 -->
        <test-method signature="PrintBook_1()[pri:1, instance:test_Cases.TS_1@449a4f23]" started-at="2024-03-20T16:45:53 IST" name="PrintBook_1" finished-at="2024-03-20T16:46:02 IST" duration-ms="8835" status="PASS">
          <reporter-output>
          </reporter-output>
        </test-method> <!-- PrintBook_1 -->
        <test-method is-config="true" signature="set1()[pri:0, instance:test_Cases.TS_1@449a4f23]" started-at="2024-03-20T16:46:02 IST" name="set1" finished-at="2024-03-20T16:46:02 IST" duration-ms="2" status="PASS">
          <reporter-output>
          </reporter-output>
        </test-method> <!-- set1 -->
        <test-method signature="Popup()[pri:2, instance:test_Cases.TS_1@449a4f23]" started-at="2024-03-20T16:46:02 IST" name="Popup" finished-at="2024-03-20T16:46:03 IST" duration-ms="260" status="PASS">
          <reporter-output>
          </reporter-output>
        </test-method> <!-- Popup -->
        <test-method is-config="true" signature="set1()[pri:0, instance:test_Cases.TS_1@449a4f23]" started-at="2024-03-20T16:46:04 IST" name="set1" finished-at="2024-03-20T16:46:04 IST" duration-ms="1" status="PASS">
          <reporter-output>
          </reporter-output>
        </test-method> <!-- set1 -->
        <test-method signature="Price()[pri:3, instance:test_Cases.TS_1@449a4f23]" started-at="2024-03-20T16:46:04 IST" name="Price" finished-at="2024-03-20T16:46:04 IST" duration-ms="298" status="PASS">
          <reporter-output>
          </reporter-output>
        </test-method> <!-- Price -->
        <test-method is-config="true" signature="set1()[pri:0, instance:test_Cases.TS_1@449a4f23]" started-at="2024-03-20T16:46:05 IST" name="set1" finished-at="2024-03-20T16:46:05 IST" duration-ms="2" status="PASS">
          <reporter-output>
          </reporter-output>
        </test-method> <!-- set1 -->
        <test-method signature="Slider()[pri:4, instance:test_Cases.TS_1@449a4f23]" started-at="2024-03-20T16:46:05 IST" name="Slider" finished-at="2024-03-20T16:46:11 IST" duration-ms="5772" status="PASS">
          <reporter-output>
          </reporter-output>
        </test-method> <!-- Slider -->
        <test-method is-config="true" signature="set1()[pri:0, instance:test_Cases.TS_1@449a4f23]" started-at="2024-03-20T16:46:11 IST" name="set1" finished-at="2024-03-20T16:46:11 IST" duration-ms="2" status="PASS">
          <reporter-output>
          </reporter-output>
        </test-method> <!-- set1 -->
        <test-method signature="Hover()[pri:5, instance:test_Cases.TS_1@449a4f23]" started-at="2024-03-20T16:46:11 IST" name="Hover" finished-at="2024-03-20T16:46:12 IST" duration-ms="219" status="PASS">
          <reporter-output>
          </reporter-output>
        </test-method> <!-- Hover -->
        <test-method is-config="true" signature="set1()[pri:0, instance:test_Cases.TS_1@449a4f23]" started-at="2024-03-20T16:46:12 IST" name="set1" finished-at="2024-03-20T16:46:12 IST" duration-ms="2" status="PASS">
          <reporter-output>
          </reporter-output>
        </test-method> <!-- set1 -->
        <test-method signature="StockPrice()[pri:6, instance:test_Cases.TS_1@449a4f23]" started-at="2024-03-20T16:46:12 IST" name="StockPrice" finished-at="2024-03-20T16:46:13 IST" duration-ms="484" status="PASS">
          <reporter-output>
          </reporter-output>
        </test-method> <!-- StockPrice -->
        <test-method is-config="true" signature="set1()[pri:0, instance:test_Cases.TS_1@449a4f23]" started-at="2024-03-20T16:46:13 IST" name="set1" finished-at="2024-03-20T16:46:13 IST" duration-ms="3" status="PASS">
          <reporter-output>
          </reporter-output>
        </test-method> <!-- set1 -->
        <test-method signature="ExcludeStock()[pri:7, instance:test_Cases.TS_1@449a4f23]" started-at="2024-03-20T16:46:13 IST" name="ExcludeStock" finished-at="2024-03-20T16:46:15 IST" duration-ms="1078" status="PASS">
          <reporter-output>
          </reporter-output>
        </test-method> <!-- ExcludeStock -->
        <test-method is-config="true" signature="set1()[pri:0, instance:test_Cases.TS_1@449a4f23]" started-at="2024-03-20T16:46:15 IST" name="set1" finished-at="2024-03-20T16:46:15 IST" duration-ms="4" status="PASS">
          <reporter-output>
          </reporter-output>
        </test-method> <!-- set1 -->
        <test-method signature="BookShelve()[pri:8, instance:test_Cases.TS_1@449a4f23]" started-at="2024-03-20T16:46:15 IST" name="BookShelve" finished-at="2024-03-20T16:46:22 IST" duration-ms="6460" status="PASS">
          <reporter-output>
          </reporter-output>
        </test-method> <!-- BookShelve -->
        <test-method is-config="true" signature="tearDown()[pri:0, instance:test_Cases.TS_1@449a4f23]" started-at="2024-03-20T16:46:22 IST" name="tearDown" finished-at="2024-03-20T16:46:28 IST" duration-ms="5391" status="PASS">
          <reporter-output>
          </reporter-output>
        </test-method> <!-- tearDown -->
      </class> <!-- test_Cases.TS_1 -->
    </test> <!-- Test -->
  </suite> <!-- Suite -->
</testng-results>
